[0809/081115:ERROR:process_info.cc(608)] range at 0xfffde000, size 0x230 fully unreadable
[0809/081116:ERROR:process_info.cc(608)] range at 0xfffdd000, size 0xf84 fully unreadable
[0809/081116:ERROR:process_info.cc(608)] range at 0xfffda000, size 0xf84 fully unreadable
[0809/081116:ERROR:process_info.cc(608)] range at 0xfffd7000, size 0xf84 fully unreadable
[0809/081116:ERROR:process_info.cc(608)] range at 0xfff9f000, size 0xf84 fully unreadable
[0809/081116:ERROR:process_info.cc(608)] range at 0xfff9c000, size 0xf84 fully unreadable
[0809/081116:ERROR:process_info.cc(608)] range at 0xfff99000, size 0xf84 fully unreadable
[0809/081116:ERROR:process_info.cc(608)] range at 0xfff96000, size 0xf84 fully unreadable
[0809/081116:ERROR:process_info.cc(608)] range at 0xfff93000, size 0xf84 fully unreadable
[0809/081116:ERROR:process_info.cc(608)] range at 0xfff90000, size 0xf84 fully unreadable
[0809/081116:ERROR:process_info.cc(608)] range at 0xfff8d000, size 0xf84 fully unreadable
[0809/081116:ERROR:process_info.cc(608)] range at 0xfff8a000, size 0xf84 fully unreadable
[0809/081116:ERROR:process_info.cc(608)] range at 0xfff87000, size 0xf84 fully unreadable
[0809/081116:ERROR:process_info.cc(608)] range at 0xfff84000, size 0xf84 fully unreadable
[0809/081116:ERROR:process_info.cc(608)] range at 0xfff81000, size 0xf84 fully unreadable
[0809/081116:ERROR:process_info.cc(608)] range at 0xfff7e000, size 0xf84 fully unreadable
[0809/081116:ERROR:process_info.cc(608)] range at 0xfff7b000, size 0xf84 fully unreadable
[0809/081116:ERROR:process_info.cc(608)] range at 0xfff78000, size 0xf84 fully unreadable
[0809/091832:ERROR:process_info.cc(608)] range at 0xfffde000, size 0x230 fully unreadable
[0809/091832:ERROR:process_info.cc(608)] range at 0xfffdd000, size 0xf84 fully unreadable
[0809/091832:ERROR:process_info.cc(608)] range at 0xfffda000, size 0xf84 fully unreadable
[0809/091832:ERROR:process_info.cc(608)] range at 0xfffd7000, size 0xf84 fully unreadable
[0809/091832:ERROR:process_info.cc(608)] range at 0xfff9f000, size 0xf84 fully unreadable
[0809/091832:ERROR:process_info.cc(608)] range at 0xfff9c000, size 0xf84 fully unreadable
[0809/091832:ERROR:process_info.cc(608)] range at 0xfff99000, size 0xf84 fully unreadable
[0809/091832:ERROR:process_info.cc(608)] range at 0xfff96000, size 0xf84 fully unreadable
[0809/091832:ERROR:process_info.cc(608)] range at 0xfff93000, size 0xf84 fully unreadable
[0809/091832:ERROR:process_info.cc(608)] range at 0xfff90000, size 0xf84 fully unreadable
[0809/091832:ERROR:process_info.cc(608)] range at 0xfff8d000, size 0xf84 fully unreadable
[0809/091832:ERROR:process_info.cc(608)] range at 0xfff8a000, size 0xf84 fully unreadable
[0809/091832:ERROR:process_info.cc(608)] range at 0xfff84000, size 0xf84 fully unreadable
[0809/091832:ERROR:process_reader_win.cc(232)] ReadMemory at 0x7a7110 of 72 bytes failed: 度ЧΘ场だ ReadProcessMemory ┪ WriteProcessMemory nDC (0x12B)
[0809/091832:ERROR:crash_report_exception_handler.cc(102)] WriteEverything failed
[0809/091832:ERROR:scoped_process_suspend.cc(38)] NtResumeProcess, ntstatus=-1073741558
[0810/090416:ERROR:process_info.cc(608)] range at 0xfffde000, size 0x230 fully unreadable
[0810/090416:ERROR:process_info.cc(608)] range at 0xfffde000, size 0x230 fully unreadable
[0810/090416:ERROR:process_reader_win.cc(141)] SuspendThread: sQ┶C (0x5)
[0810/090416:ERROR:exception_snapshot_win.cc(57)] thread ID 13900 not found in process
[0810/090416:WARNING:crash_report_exception_handler.cc(60)] ProcessSnapshotWin::InitializeException failed
[0810/090416:ERROR:process_reader_win.cc(141)] SuspendThread: sQ┶C (0x5)
[0810/090416:ERROR:process_reader_win.cc(232)] ReadMemory at 0x75100000 of 64 bytes failed: 度ЧΘ场だ ReadProcessMemory ┪ WriteProcessMemory nDC (0x12B)
[0810/090416:WARNING:pe_image_reader.cc(280)] could not read dos header from C:\Windows\syswow64\CRYPTBASE.dll
[0810/090416:ERROR:process_reader_win.cc(232)] ReadMemory at 0x75110000 of 64 bytes failed: 度ЧΘ场だ ReadProcessMemory ┪ WriteProcessMemory nDC (0x12B)
[0810/090416:WARNING:pe_image_reader.cc(280)] could not read dos header from C:\Windows\syswow64\SspiCli.dll
[0810/090416:ERROR:process_reader_win.cc(232)] ReadMemory at 0x772b0000 of 64 bytes failed: 度ЧΘ场だ ReadProcessMemory ┪ WriteProcessMemory nDC (0x12B)
[0810/090416:WARNING:pe_image_reader.cc(280)] could not read dos header from C:\Windows\syswow64\RPCRT4.dll
[0810/090416:ERROR:process_reader_win.cc(232)] ReadMemory at 0x76e30000 of 64 bytes failed: 度ЧΘ场だ ReadProcessMemory ┪ WriteProcessMemory nDC (0x12B)
[0810/090416:WARNING:pe_image_reader.cc(280)] could not read dos header from C:\Windows\SysWOW64\sechost.dll
[0810/090416:ERROR:process_reader_win.cc(232)] ReadMemory at 0x76d90000 of 64 bytes failed: 度ЧΘ场だ ReadProcessMemory ┪ WriteProcessMemory nDC (0x12B)
[0810/090416:WARNING:pe_image_reader.cc(280)] could not read dos header from C:\Windows\syswow64\ADVAPI32.dll
[0810/090416:ERROR:process_reader_win.cc(232)] ReadMemory at 0x77130000 of 64 bytes failed: 度ЧΘ场だ ReadProcessMemory ┪ WriteProcessMemory nDC (0x12B)
[0810/090416:WARNING:pe_image_reader.cc(280)] could not read dos header from C:\Windows\syswow64\USER32.dll
[0810/090416:ERROR:process_reader_win.cc(232)] ReadMemory at 0x76080000 of 64 bytes failed: 度ЧΘ场だ ReadProcessMemory ┪ WriteProcessMemory nDC (0x12B)
[0810/090416:WARNING:pe_image_reader.cc(280)] could not read dos header from C:\Windows\syswow64\USP10.dll
[0810/090416:ERROR:process_reader_win.cc(232)] ReadMemory at 0x76a50000 of 64 bytes failed: 度ЧΘ场だ ReadProcessMemory ┪ WriteProcessMemory nDC (0x12B)
[0810/090416:WARNING:pe_image_reader.cc(280)] could not read dos header from C:\Windows\syswow64\LPK.dll
[0810/090416:ERROR:process_reader_win.cc(232)] ReadMemory at 0x751e0000 of 64 bytes failed: 度ЧΘ场だ ReadProcessMemory ┪ WriteProcessMemory nDC (0x12B)
[0810/090416:WARNING:pe_image_reader.cc(280)] could not read dos header from C:\Windows\syswow64\GDI32.dll
[0810/090416:ERROR:process_reader_win.cc(232)] ReadMemory at 0x76020000 of 64 bytes failed: 度ЧΘ场だ ReadProcessMemory ┪ WriteProcessMemory nDC (0x12B)
[0810/090416:WARNING:pe_image_reader.cc(280)] could not read dos header from C:\Windows\syswow64\SHLWAPI.dll
[0810/090416:ERROR:process_reader_win.cc(232)] ReadMemory at 0x74ea0000 of 64 bytes failed: 度ЧΘ场だ ReadProcessMemory ┪ WriteProcessMemory nDC (0x12B)
[0810/090416:WARNING:pe_image_reader.cc(280)] could not read dos header from C:\Windows\SysWOW64\tmumh\20019\AddOn\6.80.0.1007\TmUmEvt.dll
[0810/090416:ERROR:process_reader_win.cc(232)] ReadMemory at 0x74d70000 of 64 bytes failed: 度ЧΘ场だ ReadProcessMemory ┪ WriteProcessMemory nDC (0x12B)
[0810/090416:WARNING:pe_image_reader.cc(280)] could not read dos header from C:\Windows\system32\sfc.dll
[0810/090416:ERROR:process_reader_win.cc(232)] ReadMemory at 0x74d60000 of 64 bytes failed: 度ЧΘ场だ ReadProcessMemory ┪ WriteProcessMemory nDC (0x12B)
[0810/090416:WARNING:pe_image_reader.cc(280)] could not read dos header from C:\Windows\system32\sfc_os.DLL
[0810/090416:ERROR:process_reader_win.cc(232)] ReadMemory at 0x74d50000 of 64 bytes failed: 度ЧΘ场だ ReadProcessMemory ┪ WriteProcessMemory nDC (0x12B)
[0810/090416:WARNING:pe_image_reader.cc(280)] could not read dos header from C:\Windows\system32\VERSION.dll
[0810/090416:ERROR:process_reader_win.cc(232)] ReadMemory at 0x74d80000 of 64 bytes failed: 度ЧΘ场だ ReadProcessMemory ┪ WriteProcessMemory nDC (0x12B)
[0810/090416:WARNING:pe_image_reader.cc(280)] could not read dos header from C:\Windows\SysWOW64\tmumh\20019\TmMon\1.6.0.1163\tmmon.dll
[0810/090416:ERROR:process_reader_win.cc(232)] ReadMemory at 0x76fb0000 of 64 bytes failed: 度ЧΘ场だ ReadProcessMemory ┪ WriteProcessMemory nDC (0x12B)
[0810/090416:WARNING:pe_image_reader.cc(280)] could not read dos header from C:\Windows\syswow64\MSCTF.dll
[0810/090416:ERROR:process_reader_win.cc(232)] ReadMemory at 0x75170000 of 64 bytes failed: 度ЧΘ场だ ReadProcessMemory ┪ WriteProcessMemory nDC (0x12B)
[0810/090416:WARNING:pe_image_reader.cc(280)] could not read dos header from C:\Windows\system32\IMM32.DLL
[0810/090416:ERROR:process_reader_win.cc(232)] ReadMemory at 0x66290000 of 64 bytes failed: 度ЧΘ场だ ReadProcessMemory ┪ WriteProcessMemory nDC (0x12B)
[0810/090416:WARNING:pe_image_reader.cc(280)] could not read dos header from C:\Program Files (x86)\Google\Chrome\Application\51.0.2704.103\chrome_elf.dll
[0810/090416:ERROR:process_reader_win.cc(232)] ReadMemory at 0x6ff20000 of 64 bytes failed: 度ЧΘ场だ ReadProcessMemory ┪ WriteProcessMemory nDC (0x12B)
[0810/090416:WARNING:pe_image_reader.cc(280)] could not read dos header from C:\Windows\system32\WINMM.dll
[0810/090416:ERROR:process_reader_win.cc(232)] ReadMemory at 0x751d0000 of 64 bytes failed: 度ЧΘ场だ ReadProcessMemory ┪ WriteProcessMemory nDC (0x12B)
[0810/090416:WARNING:pe_image_reader.cc(280)] could not read dos header from C:\Windows\syswow64\profapi.dll
[0810/090416:ERROR:process_reader_win.cc(232)] ReadMemory at 0x76c10000 of 64 bytes failed: 度ЧΘ场だ ReadProcessMemory ┪ WriteProcessMemory nDC (0x12B)
[0810/090416:WARNING:pe_image_reader.cc(280)] could not read dos header from C:\Windows\syswow64\USERENV.dll
[0810/090416:ERROR:process_reader_win.cc(232)] ReadMemory at 0x70f80000 of 64 bytes failed: 度ЧΘ场だ ReadProcessMemory ┪ WriteProcessMemory nDC (0x12B)
[0810/090416:WARNING:pe_image_reader.cc(280)] could not read dos header from C:\Windows\system32\WTSAPI32.dll
[0810/090416:ERROR:process_reader_win.cc(232)] ReadMemory at 0x6fe50000 of 64 bytes failed: 度ЧΘ场だ ReadProcessMemory ┪ WriteProcessMemory nDC (0x12B)
[0810/090416:WARNING:pe_image_reader.cc(280)] could not read dos header from C:\Windows\system32\webio.dll
[0810/090416:ERROR:process_reader_win.cc(232)] ReadMemory at 0x6fea0000 of 64 bytes failed: 度ЧΘ场だ ReadProcessMemory ┪ WriteProcessMemory nDC (0x12B)
[0810/090416:WARNING:pe_image_reader.cc(280)] could not read dos header from C:\Windows\system32\WINHTTP.dll
[0810/090416:ERROR:process_reader_win.cc(232)] ReadMemory at 0x6d540000 of 64 bytes failed: 度ЧΘ场だ ReadProcessMemory ┪ WriteProcessMemory nDC (0x12B)
[0810/090416:WARNING:pe_image_reader.cc(280)] could not read dos header from C:\Windows\system32\api-ms-win-core-synch-l1-2-0.DLL
[0810/090416:ERROR:process_reader_win.cc(232)] ReadMemory at 0x753d0000 of 64 bytes failed: 度ЧΘ场だ ReadProcessMemory ┪ WriteProcessMemory nDC (0x12B)
[0810/090416:WARNING:pe_image_reader.cc(280)] could not read dos header from C:\Windows\syswow64\SHELL32.dll
[0810/090416:ERROR:process_reader_win.cc(232)] ReadMemory at 0x74cf0000 of 64 bytes failed: 度ЧΘ场だ ReadProcessMemory ┪ WriteProcessMemory nDC (0x12B)
[0810/090416:WARNING:pe_image_reader.cc(280)] could not read dos header from C:\Windows\system32\WINSPOOL.DRV
[0810/090416:ERROR:process_reader_win.cc(232)] ReadMemory at 0x70fa0000 of 64 bytes failed: 度ЧΘ场だ ReadProcessMemory ┪ WriteProcessMemory nDC (0x12B)
[0810/090416:WARNING:pe_image_reader.cc(280)] could not read dos header from C:\Windows\WinSxS\x86_microsoft.windows.common-controls_6595b64144ccf1df_6.0.7601.17514_none_41e6975e2bd6f2b2\COMCTL32.dll
[0810/090416:ERROR:process_reader_win.cc(232)] ReadMemory at 0x77230000 of 64 bytes failed: 度ЧΘ场だ ReadProcessMemory ┪ WriteProcessMemory nDC (0x12B)
[0810/090416:WARNING:pe_image_reader.cc(280)] could not read dos header from C:\Windows\syswow64\COMDLG32.dll
[0810/090416:ERROR:process_reader_win.cc(232)] ReadMemory at 0x75270000 of 64 bytes failed: 度ЧΘ场だ ReadProcessMemory ┪ WriteProcessMemory nDC (0x12B)
[0810/090416:WARNING:pe_image_reader.cc(280)] could not read dos header from C:\Windows\syswow64\ole32.dll
[0810/090416:ERROR:process_reader_win.cc(232)] ReadMemory at 0x76a60000 of 64 bytes failed: 度ЧΘ场だ ReadProcessMemory ┪ WriteProcessMemory nDC (0x12B)
[0810/090416:WARNING:pe_image_reader.cc(280)] could not read dos header from C:\Windows\syswow64\OLEAUT32.dll
[0810/090416:ERROR:process_reader_win.cc(232)] ReadMemory at 0x766f0000 of 64 bytes failed: 度ЧΘ场だ ReadProcessMemory ┪ WriteProcessMemory nDC (0x12B)
[0810/090416:WARNING:pe_image_reader.cc(280)] could not read dos header from C:\Windows\syswow64\NSI.dll
[0810/090416:ERROR:process_reader_win.cc(232)] ReadMemory at 0x71c90000 of 64 bytes failed: 度ЧΘ场だ ReadProcessMemory ┪ WriteProcessMemory nDC (0x12B)
[0810/090416:WARNING:pe_image_reader.cc(280)] could not read dos header from C:\Windows\system32\WINNSI.DLL
[0810/090416:ERROR:process_reader_win.cc(232)] ReadMemory at 0x71ca0000 of 64 bytes failed: 度ЧΘ场だ ReadProcessMemory ┪ WriteProcessMemory nDC (0x12B)
[0810/090416:WARNING:pe_image_reader.cc(280)] could not read dos header from C:\Windows\system32\IPHLPAPI.DLL
[0810/090416:ERROR:process_reader_win.cc(232)] ReadMemory at 0x76a00000 of 64 bytes failed: 度ЧΘ场だ ReadProcessMemory ┪ WriteProcessMemory nDC (0x12B)
[0810/090416:WARNING:pe_image_reader.cc(280)] could not read dos header from C:\Windows\syswow64\WS2_32.dll
[0810/090416:ERROR:process_reader_win.cc(232)] ReadMemory at 0x76130000 of 64 bytes failed: 度ЧΘ场だ ReadProcessMemory ┪ WriteProcessMemory nDC (0x12B)
[0810/090416:WARNING:pe_image_reader.cc(280)] could not read dos header from C:\Windows\syswow64\MSASN1.dll
[0810/090416:ERROR:process_reader_win.cc(232)] ReadMemory at 0x76af0000 of 64 bytes failed: 度ЧΘ场だ ReadProcessMemory ┪ WriteProcessMemory nDC (0x12B)
[0810/090416:WARNING:pe_image_reader.cc(280)] could not read dos header from C:\Windows\syswow64\CRYPT32.dll
[0810/090416:ERROR:process_reader_win.cc(232)] ReadMemory at 0x761a0000 of 64 bytes failed: 度ЧΘ场だ ReadProcessMemory ┪ WriteProcessMemory nDC (0x12B)
[0810/090416:WARNING:pe_image_reader.cc(280)] could not read dos header from C:\Windows\syswow64\WINTRUST.dll
[0810/090416:ERROR:process_reader_win.cc(232)] ReadMemory at 0x716c0000 of 64 bytes failed: 度ЧΘ场だ ReadProcessMemory ┪ WriteProcessMemory nDC (0x12B)
[0810/090416:WARNING:pe_image_reader.cc(280)] could not read dos header from C:\Windows\system32\Secur32.dll
[0810/090416:ERROR:process_reader_win.cc(232)] ReadMemory at 0xf0f0000 of 64 bytes failed: 度ЧΘ场だ ReadProcessMemory ┪ WriteProcessMemory nDC (0x12B)
[0810/090416:WARNING:pe_image_reader.cc(280)] could not read dos header from C:\Program Files (x86)\Google\Chrome\Application\51.0.2704.103\chrome_child.dll
[0810/090416:ERROR:process_reader_win.cc(232)] ReadMemory at 0x67190000 of 64 bytes failed: 度ЧΘ场だ ReadProcessMemory ┪ WriteProcessMemory nDC (0x12B)
[0810/090416:WARNING:pe_image_reader.cc(280)] could not read dos header from C:\Windows\system32\dwrite.dll
[0810/090416:ERROR:process_reader_win.cc(232)] ReadMemory at 0x112c374 of 12 bytes failed: 度ЧΘ场だ ReadProcessMemory ┪ WriteProcessMemory nDC (0x12B)
[0810/090416:WARNING:process_snapshot_win.cc(102)] ReadMemory ExceptionInformation failed
[0810/090416:WARNING:crash_report_exception_handler.cc(60)] ProcessSnapshotWin::InitializeException failed
[0810/090416:ERROR:scoped_process_suspend.cc(38)] NtResumeProcess, ntstatus=-1073741558
[0810/183324:ERROR:process_info.cc(608)] range at 0xfffde000, size 0x230 fully unreadable
[0810/183327:ERROR:process_info.cc(608)] range at 0xfffdd000, size 0xf84 fully unreadable
[0810/183327:ERROR:process_info.cc(608)] range at 0xfffda000, size 0xf84 fully unreadable
[0810/183327:ERROR:process_info.cc(608)] range at 0xfffd7000, size 0xf84 fully unreadable
[0810/183327:ERROR:process_info.cc(608)] range at 0xfff9f000, size 0xf84 fully unreadable
[0810/183327:ERROR:process_info.cc(608)] range at 0xfff9c000, size 0xf84 fully unreadable
[0810/183327:ERROR:process_info.cc(608)] range at 0xfff99000, size 0xf84 fully unreadable
[0810/183327:ERROR:process_info.cc(608)] range at 0xfff96000, size 0xf84 fully unreadable
[0810/183327:ERROR:process_info.cc(608)] range at 0xfff93000, size 0xf84 fully unreadable
[0810/183327:ERROR:process_info.cc(608)] range at 0xfff90000, size 0xf84 fully unreadable
[0810/183327:ERROR:process_info.cc(608)] range at 0xfff8d000, size 0xf84 fully unreadable
[0810/183327:ERROR:process_info.cc(608)] range at 0xfff8a000, size 0xf84 fully unreadable
[0810/183327:ERROR:process_info.cc(608)] range at 0xfff87000, size 0xf84 fully unreadable
[0810/183327:ERROR:process_info.cc(608)] range at 0xfff84000, size 0xf84 fully unreadable
[0810/183327:ERROR:process_info.cc(608)] range at 0xfff81000, size 0xf84 fully unreadable
[0810/183327:ERROR:process_info.cc(608)] range at 0xfff7e000, size 0xf84 fully unreadable
[0810/183327:ERROR:process_info.cc(608)] range at 0xfff7b000, size 0xf84 fully unreadable
[0810/183327:ERROR:process_info.cc(608)] range at 0xfff78000, size 0xf84 fully unreadable
